D:\MISSION R&D\C ONLINE COURSE\FILE SYSTEM\FILE SYSTEM\DEBUG\FILE SYSTEM.PCH
D:\MISSION R&D\C ONLINE COURSE\FILE SYSTEM\FILE SYSTEM\DEBUG\STDAFX.OBJ
D:\MISSION R&D\C ONLINE COURSE\FILE SYSTEM\FILE SYSTEM\DEBUG\VC110.PDB
D:\MISSION R&D\C ONLINE COURSE\FILE SYSTEM\FILE SYSTEM\DEBUG\FILE SYSTEM.OBJ
D:\MISSION R&D\C ONLINE COURSE\FILE SYSTEM\DEBUG\FILE SYSTEM.ILK
D:\MISSION R&D\C ONLINE COURSE\FILE SYSTEM\DEBUG\FILE SYSTEM.EXE
D:\MISSION R&D\C ONLINE COURSE\FILE SYSTEM\DEBUG\FILE SYSTEM.PDB
D:\MISSION R&D\C ONLINE COURSE\FILE SYSTEM\FILE SYSTEM\Debug\FILE SYSTEM.obj
D:\MISSION R&D\C ONLINE COURSE\FILE SYSTEM\FILE SYSTEM\Debug\stdafx.obj
D:\MISSION R&D\C ONLINE COURSE\FILE SYSTEM\FILE SYSTEM\Debug\cl.command.1.tlog
D:\MISSION R&D\C ONLINE COURSE\FILE SYSTEM\FILE SYSTEM\Debug\CL.read.1.tlog
D:\MISSION R&D\C ONLINE COURSE\FILE SYSTEM\FILE SYSTEM\Debug\CL.write.1.tlog
D:\MISSION R&D\C ONLINE COURSE\FILE SYSTEM\FILE SYSTEM\Debug\link-cvtres.read.1.tlog
D:\MISSION R&D\C ONLINE COURSE\FILE SYSTEM\FILE SYSTEM\Debug\link-cvtres.write.1.tlog
D:\MISSION R&D\C ONLINE COURSE\FILE SYSTEM\FILE SYSTEM\Debug\link-rc.read.1.tlog
D:\MISSION R&D\C ONLINE COURSE\FILE SYSTEM\FILE SYSTEM\Debug\link-rc.write.1.tlog
D:\MISSION R&D\C ONLINE COURSE\FILE SYSTEM\FILE SYSTEM\Debug\link.command.1.tlog
D:\MISSION R&D\C ONLINE COURSE\FILE SYSTEM\FILE SYSTEM\Debug\link.read.1.tlog
D:\MISSION R&D\C ONLINE COURSE\FILE SYSTEM\FILE SYSTEM\Debug\link.write.1.tlog
D:\MISSION R&D\C ONLINE COURSE\FILE SYSTEM\FILE SYSTEM\Debug\FILE SYSTEM.pch
D:\MISSION R&D\C ONLINE COURSE\FILE SYSTEM\FILE SYSTEM\Debug\vc110.idb
D:\MISSION R&D\C ONLINE COURSE\FILE SYSTEM\FILE SYSTEM\Debug\vc110.pdb
D:\MISSION R&D\C ONLINE COURSE\FILE SYSTEM\Debug\FILE SYSTEM.pdb
D:\MISSION R&D\C ONLINE COURSE\FILE SYSTEM\Debug\FILE SYSTEM.exe
D:\MISSION R&D\C ONLINE COURSE\FILE SYSTEM\Debug\FILE SYSTEM.ilk
